-------------------------------------------------------------------------------
Test set: com.test.hexaware.CasesDaoTest
-------------------------------------------------------------------------------
Tests run: 1, Failures: 0, Errors: 1, Skipped: 0, Time elapsed: 0.492 s <<< FAILURE! - in com.test.hexaware.CasesDaoTest
com.test.hexaware.CasesDaoTest  Time elapsed: 0.49 s  <<< ERROR!
java.lang.NullPointerException: Cannot invoke "java.sql.Connection.createStatement()" because "this.connection" is null
	at com.test.hexaware.CasesDaoTest.setUpClass(CasesDaoTest.java:28)

