-------------------------------------------------------------------------------
Test set: com.test.hexaware.IncidentDaoTest
-------------------------------------------------------------------------------
Tests run: 1, Failures: 0, Errors: 1, Skipped: 0, Time elapsed: 0.028 s <<< FAILURE! - in com.test.hexaware.IncidentDaoTest
com.test.hexaware.IncidentDaoTest  Time elapsed: 0.028 s  <<< ERROR!
java.lang.NullPointerException: Cannot invoke "java.sql.Connection.createStatement()" because "this.connection" is null
	at com.test.hexaware.IncidentDaoTest.setUpClass(IncidentDaoTest.java:36)

