-------------------------------------------------------------------------------
Test set: com.test.hexaware.ReportsDaoTest
-------------------------------------------------------------------------------
Tests run: 1, Failures: 0, Errors: 1, Skipped: 0, Time elapsed: 0.012 s <<< FAILURE! - in com.test.hexaware.ReportsDaoTest
com.test.hexaware.ReportsDaoTest  Time elapsed: 0.011 s  <<< ERROR!
java.lang.NullPointerException: Cannot invoke "java.sql.Connection.createStatement()" because "this.connection" is null
	at com.test.hexaware.ReportsDaoTest.setUpClass(ReportsDaoTest.java:31)

